	SetSessionId:czQzbTNlcThDd1AxaEdVYUpLdWlDWHNmRUIwMXRsTlZUMjFnRFBSMVdzQWZicnhwN2RQZzIzeHN6S0NaT0gzZC5zZW4tcHRsd2FzMl9zZXJ2bGV0X2Vwb3dhcw==(17973)-----14:39:45
	SetCurrentPath:C:\Program Files (x86)\KSIGN\KCase(17980)-----14:39:45
	SetSessionId:czQzbTNlcThDd1AxaEdVYUpLdWlDWHNmRUIwMXRsTlZUMjFnRFBSMVdzQWZicnhwN2RQZzIzeHN6S0NaT0gzZA==(17973)-----14:39:45
	SetCurrentPath:C:\Program Files (x86)\KSIGN\KCase(17980)-----14:39:45
	SetSessionId:QzIzQUVBQTBDN0NDNDUzN0EzRTgyNjNFQjhDODY3QTU=(17973)-----9:6:15
	SetCurrentPath:C:\Program Files (x86)\KSIGN\KCase(17980)-----9:6:15
	SetSessionId:Y3U5QmtVaXRaeVZsTHBjSFdGZmxHY1NIdGpVTkMwV21qVk10VnJJWDFZbGFPZ0UxN3gxYkxLUHdTYW1Vek5Sbg==(17973)-----9:8:22
	SetCurrentPath:C:\Program Files (x86)\KSIGN\KCase(17980)-----9:8:22
	SetSessionId:MTM3RjNENTMyNTkxNDgwOThGRTNCMjhFMkE0M0I1NUU=(17973)-----9:10:5
	SetCurrentPath:C:\Program Files (x86)\KSIGN\KCase(17980)-----9:10:5
	SetSessionId:UlQxVThUNzlhb29GUDJzYVc1NjhmS3RkMUg3MTh1OTJqQUZhUFFMazNlcGxTaWhhN2Z6TmxOOGI3MTFVSTFqVA==(17973)-----9:10:41
	SetCurrentPath:C:\Program Files (x86)\KSIGN\KCase(17980)-----9:10:41
	SetSessionId:REQ3NDhGNUQyM0JDNDhCN0ExODY4NUE2Qjg5NkY5QkE=(17973)-----9:16:43
	SetCurrentPath:C:\Program Files (x86)\KSIGN\KCase(17980)-----9:16:43
	SetSessionId:UlQxVThUNzlhb29GUDJzYVc1NjhmS3RkMUg3MTh1OTJqQUZhUFFMazNlcGxTaWhhN2Z6TmxOOGI3MTFVSTFqVC5zZW4tcHRsd2FzMV9zZXJ2bGV0X2Vwb3dhczU=(17973)-----9:20:33
	SetCurrentPath:C:\Program Files (x86)\KSIGN\KCase(17980)-----9:20:33
	SetSessionId:QUMyQjVENDI1ODRFNDBEQzgwOEU0NTBFMTE4Njk2RkY=(17973)-----9:20:36
	SetCurrentPath:C:\Program Files (x86)\KSIGN\KCase(17980)-----9:20:36
	SetSessionId:N0RFQjc0OURCNzI4NEQxOEEzQUQ0QzNDQjZCRDc1N0M=(17973)-----9:21:46
	SetCurrentPath:C:\Program Files (x86)\KSIGN\KCase(17980)-----9:21:46
	SetSessionId:OUY4RENEMDcwMDFCNEFBQUI2QUU2NTkzRjExQ0RCQjY=(17973)-----9:21:50
	SetCurrentPath:C:\Program Files (x86)\KSIGN\KCase(17980)-----9:21:50
	SetSessionId:S2xJQWZQcmtEQXNsc21OTEM4N1NwTnN6UjNnS0pFSURqMUZ6VlQ3MnR0RE00OHpQN1I3UW1wUlpQU0FQQmtyaQ==(17973)-----9:22:23
	SetCurrentPath:C:\Program Files (x86)\KSIGN\KCase(17980)-----9:22:23
	SetSessionId:NjQ3NEI0RTc2ODdFNERFODlEOUE2NEUzMDNEREYxN0Q=(17973)-----9:38:24
	SetCurrentPath:C:\Program Files (x86)\KSIGN\KCase(17980)-----9:38:24
	SetSessionId:MjM3OEJGM0NDOEZENEE1Q0I4RjlEQzhCMzc2Mzk3NTY=(17973)-----9:39:35
	SetCurrentPath:C:\Program Files (x86)\KSIGN\KCase(17980)-----9:39:35
	SetSessionId:MjY0QzAwQTk4RTJENDk1RUEzREZGMjNCRjBGMzc4REM=(17973)-----9:53:51
	SetCurrentPath:C:\Program Files (x86)\KSIGN\KCase(17980)-----9:53:51
	SetSessionId:dENSM1NHblJhcXUzVlBMVkZCeEhPMzJLVnpRYXpmMTZvQmZQVFBzbzBsMUlsMldmN2ZGd3FQeUh0ckI5RnBRYw==(17973)-----9:57:15
	SetCurrentPath:C:\Program Files (x86)\KSIGN\KCase(17980)-----9:57:15
	SetSessionId:RjVBNEVEMzFDMkRGNDM2REIzNDNGOTBFMEZGNTE0MkE=(17973)-----10:38:51
	SetCurrentPath:C:\Program Files (x86)\KSIGN\KCase(17980)-----10:38:51
	SetSessionId:MHl0UDlFcEEyWm53WDJKVjM3dDNGRTJ0VmozSHdVZE1vM1l6SUc5TW16TVNwR2lVN3IyYk5yVHN6VWhtZkU0Qg==(17973)-----10:39:39
	SetCurrentPath:C:\Program Files (x86)\KSIGN\KCase(17980)-----10:39:39
	SetSessionId:MHl0UDlFcEEyWm53WDJKVjM3dDNGRTJ0VmozSHdVZE1vM1l6SUc5TW16TVNwR2lVN3IyYk5yVHN6VWhtZkU0Qi5zZW4tcHRsd2FzMV9zZXJ2bGV0X2Vwb3dhczI=(17973)-----10:39:44
	SetCurrentPath:C:\Program Files (x86)\KSIGN\KCase(17980)-----10:39:44
	SetSessionId:QkE1MzhGQTE1NTU2NDEzRDgyN0IzMjlBODk1RUZEODI=(17973)-----14:46:31
	SetCurrentPath:C:\Program Files (x86)\KSIGN\KCase(17980)-----14:46:31
	SetSessionId:b29kNzNkeVdRdnhWd3dwcVNGWnl1Zm9vU2dJVW9iWEhZMnNzQnlYT01KMWFDc2hqNzFMc1lvcmdlNTRhS2Jneg==(17973)-----14:47:31
	SetCurrentPath:C:\Program Files (x86)\KSIGN\KCase(17980)-----14:47:31
	SetSessionId:RDcyRUI3NjgzNzI1NEM3Qjg4RTE3RjY4OUMzQzkxMkM=(17973)-----10:27:40
	SetCurrentPath:C:\Program Files (x86)\KSIGN\KCase(17980)-----10:27:40
	SetSessionId:djBYN2FUYWNtT0U5ZkU3azU3d0xDWmVvZmFiYUxQak9kMmg5V2xXVmVESXJ4UmFtN1NNckdwYU9IQXpQeXF0UQ==(17973)-----10:28:12
	SetCurrentPath:C:\Program Files (x86)\KSIGN\KCase(17980)-----10:28:12
	SetSessionId:MkE3MjY3N0MwREUxNEQzQTg1QUQ1Qjc1QUU0NTBDMDY=(17973)-----10:34:10
	SetCurrentPath:C:\Program Files (x86)\KSIGN\KCase(17980)-----10:34:10
	SetSessionId:RTBDMzI3MzkxOTQ0NEYxRUFDQjREMkMyMUQ0OEFBQzE=(17973)-----13:15:16
	SetCurrentPath:C:\Program Files (x86)\KSIGN\KCase(17980)-----13:15:16
	SetSessionId:Q0ZCUmFLVGpNbDNFQ1dFbEpGUWwxbzRQR2gxeG16SWJkbXg5NlhndzVWempjN3RrN1N3ZXM5MWFLVEtSeHBTNA==(17973)-----13:15:47
	SetCurrentPath:C:\Program Files (x86)\KSIGN\KCase(17980)-----13:15:47
	SetSessionId:OTIzRTZFNjg0MTY5NDQ3QUIwNDAzQTE0QTVGMDkwMEE=(17973)-----15:17:6
	SetCurrentPath:C:\Program Files (x86)\KSIGN\KCase(17980)-----15:17:6
	SetSessionId:MTJCMkJBNzUyRTdCNEM3RjhBRUEwMkVGOTk1MTU3Q0Y=(17973)-----16:31:23
	SetCurrentPath:C:\Program Files (x86)\KSIGN\KCase(17980)-----16:31:23
	SetSessionId:dDI2VllxWWNmZGtVbkQwWkgzYVp4Q2pBMFZ6UkRTNjBkN2dSa1pvM254bktWSkU0N3A0V3pDRWFVRklhT1oyVQ==(17973)-----16:31:57
	SetCurrentPath:C:\Program Files (x86)\KSIGN\KCase(17980)-----16:31:57
	SetSessionId:N0FFNzIzRENCN0NGNEM1QjlGMTg0QjQxRkQ1OUEwRTA=(17973)-----16:41:30
	SetCurrentPath:C:\Program Files (x86)\KSIGN\KCase(17980)-----16:41:30
	SetSessionId:N0FFNzIzRENCN0NGNEM1QjlGMTg0QjQxRkQ1OUEwRTA=(17973)-----11:37:42
	SetCurrentPath:C:\Program Files (x86)\KSIGN\KCase(17980)-----11:37:42
	SetSessionId:ODFGQTc0OTNFMjY4NDM5NEIwMTZGRTQ2MjBDNTE0QjA=(17973)-----11:40:23
	SetCurrentPath:C:\Program Files (x86)\KSIGN\KCase(17980)-----11:40:23
	SetSessionId:TjcyMzI5eXp2V2lKVHowcWE1ZDlqYzFvWlpEZUk4YVZrR0NJYnFJeEU2eFZkdlN3N2FkTDJhN0xOVHNaTEJkRQ==(17973)-----11:41:27
	SetCurrentPath:C:\Program Files (x86)\KSIGN\KCase(17980)-----11:41:27
	SetSessionId:N0MzOTNBNjZFOTZFNDBGRkIwMDREOEFBQUFCRjREMzI=(17973)-----16:25:12
	SetCurrentPath:C:\Program Files (x86)\KSIGN\KCase(17980)-----16:25:12
	SetSessionId:RUlsV2lsMzBEekVTR0xBRkRsM0JaWUlraXdjODQxdDBrRnIwT0hBSWtQNE1wVWpRN2tpMEVmdW5DNWhXUEF3UQ==(17973)-----16:25:56
	SetCurrentPath:C:\Program Files (x86)\KSIGN\KCase(17980)-----16:25:56
	SetSessionId:MzIwREEyNzc2QTJGNDJCRkE4MUY1Q0ZGRTJCODg5QTc=(17973)-----9:8:47
	SetCurrentPath:C:\Program Files (x86)\KSIGN\KCase(17980)-----9:8:47
	SetSessionId:QlpLR09udE1ITlBuNFhickw0M2VJbTVoVW9tc3RndGo1YU1TUjd3N1dxbkhyZlM3N09jVUxuYTROazRlT2lKNg==(17973)-----9:9:29
	SetCurrentPath:C:\Program Files (x86)\KSIGN\KCase(17980)-----9:9:29
	SetSessionId:MkNENTJEODI4NzgwNDQzOTk4MTlBMDNDOTA3QkUxMEE=(17973)-----10:20:11
	SetCurrentPath:C:\Program Files (x86)\KSIGN\KCase(17980)-----10:20:11
	SetSessionId:enAzYU9JNkxVT3BrMEFSZEZKMjJSaFF4M0Jid1NUMVU1cGdXckMyODZMbmZKOUlON2hwdzBobUlqTHRNdDBjZg==(17973)-----10:20:41
	SetCurrentPath:C:\Program Files (x86)\KSIGN\KCase(17980)-----10:20:41
	SetSessionId:QjlFNTA2OTE3RTA0NDQ5QUExNTEwNjVGMTY1MDNENTY=(17973)-----11:22:45
	SetCurrentPath:C:\Program Files (x86)\KSIGN\KCase(17980)-----11:22:45
	SetSessionId:MEYxQkJBQTVCOUYzNEUwOTgzMTA5QTAyODZFMzM4OEE=(17973)-----11:27:10
	SetCurrentPath:C:\Program Files (x86)\KSIGN\KCase(17980)-----11:27:10
	SetSessionId:NGpyeW1ER2pHbTRYaDFvSERscm81Z0dhdVJoaU93bXZGR25hUFp6OGpHTHcyNXUyNzBQRXNLSUlGbndVTUg1ag==(17973)-----11:27:42
	SetCurrentPath:C:\Program Files (x86)\KSIGN\KCase(17980)-----11:27:42
	SetSessionId:NTVCODJCRDUwQUQyNDFENzhDQkNDNjdCRDlDNkJGNzQ=(17973)-----9:56:55
	SetCurrentPath:C:\Program Files (x86)\KSIGN\KCase(17980)-----9:56:55
	SetSessionId:d3V6NVVrYzAxRnBKSGtwSG9ySHRWRUxUUmhUekpnU3hxMG96YVdoZm13ZmtjVkZsN2RpRVFxSUVqNzdEWmVqVA==(17973)-----9:58:23
	SetCurrentPath:C:\Program Files (x86)\KSIGN\KCase(17980)-----9:58:23
	SetSessionId:Q2pZWEE4TzJKTTFFNUUwTG1DVnRSTndlTnVFMUVhM0JxZFNjOUNVMVNaT2dta0VwN0NXdlhqWUNWZVZXd09Teg==(17973)-----10:45:21
	SetCurrentPath:C:\Program Files (x86)\KSIGN\KCase(17980)-----10:45:21
	SetSessionId:NjAxMDExREY4REZBNEMyRkFFRTdDNUE3RTQ2OTY1OTc=(17973)-----10:19:54
	SetCurrentPath:C:\Program Files (x86)\KSIGN\KCase(17980)-----10:19:54
	SetSessionId:S0FTdUU2RHQ2aVcxQk9mcmdjdXVxUXljYUFzMDZNc3lRNkdNYzNQbnc1a2IyZURBN3c2cW4xNnp0bmthbTFVTw==(17973)-----10:21:1
	SetCurrentPath:C:\Program Files (x86)\KSIGN\KCase(17980)-----10:21:1
	SetSessionId:WmNNN2tEQTFRdG1lNlNGUGdIaUVkNmx2aW5NWEZCdTlROXdUbHNkYXkyMlRubDFrN3lXQ2FBNVlMNk5QclZLaC5aV1IxWm1sdVpWOWtiMjFoYVc0dlpXUjFabWx1WlRVdE13PT0=(17973)-----10:26:19
	SetCurrentPath:C:\Program Files (x86)\KSIGN\KCase(17980)-----10:26:19
	SetSessionId:Q0JCNkVFMkNEMjczNEMzODlGMDk4NTc1MTU5OUEwQkE=(17973)-----10:27:2
	SetCurrentPath:C:\Program Files (x86)\KSIGN\KCase(17980)-----10:27:2
	SetSessionId:NzA0MzQ0ODNEQjQ2NEMxQUExRjAzMzA5QzdBMDEwRTE=(17973)-----11:1:17
	SetCurrentPath:C:\Program Files (x86)\KSIGN\KCase(17980)-----11:1:17
	SetSessionId:YjdjVzR0WWFhOEV6RVpLSDd4a25VT1hFWnh2WlFEN0hRYlQzcndhazYzdXNib3BmN3dreTcxNWk2VmFab3BMZQ==(17973)-----11:2:9
	SetCurrentPath:C:\Program Files (x86)\KSIGN\KCase(17980)-----11:2:9
	SetSessionId:NTU1QTAwRDVDOTBDNEFDRDhFMjBEQjQyMTQwQTg2NzI=(17973)-----12:32:24
	SetCurrentPath:C:\Program Files (x86)\KSIGN\KCase(17980)-----12:32:24
	SetSessionId:NTU1QTAwRDVDOTBDNEFDRDhFMjBEQjQyMTQwQTg2NzI=(17973)-----14:37:10
	SetCurrentPath:C:\Program Files (x86)\KSIGN\KCase(17980)-----14:37:10
	SetSessionId:RDY1MkFDNEE0OTgyNEFBOThGNzdCRTQ3N0NCODk0RTI=(17973)-----13:18:58
	SetCurrentPath:C:\Program Files (x86)\KSIGN\KCase(17980)-----13:18:58
	SetSessionId:T3gxbUFjMUxrd0ZuOFRBcXFiMUlTWGtzcFZKUVgybllnUG9iMjZ4alVLRnRPdE5PN2JuVXNVM2FYUmwzU2szZQ==(17973)-----13:20:37
	SetCurrentPath:C:\Program Files (x86)\KSIGN\KCase(17980)-----13:20:37
	SetSessionId:QTc0QzdGQ0NBOTRBNDQ0NTkxQThEQzE0QTAxNTMzNzY=(17973)-----9:9:13
	SetCurrentPath:C:\Program Files (x86)\KSIGN\KCase(17980)-----9:9:13
	SetSessionId:ZzNIaGNTY0hLOXFTYTFwRm5WSldyMWxKSThJME9UMlJhVDAzWXBMaE5Uc2szNm1BN2puNmFsMWdiZ3d0bFgySw==(17973)-----9:9:59
	SetCurrentPath:C:\Program Files (x86)\KSIGN\KCase(17980)-----9:9:59
	SetSessionId:bm1ibDkwSDFFSkJPTDlXMjhpRkJsam5uRGt3bzEwS1JhSHJORDZSMWUxSnNNcXM3N3dQbDNhTDNNbThCNzJzOC5hbVYxYzE5a2IyMWhhVzR2ZDJWaWJXRnBiRE09(17973)-----11:7:43
	SetCurrentPath:C:\Program Files (x86)\KSIGN\KCase(17980)-----11:7:43
